2025-05-03 08:39:51.339 INFO: ===========VERIFYING SETTINGS===========
2025-05-03 08:39:51.339 INFO: MACE version: 0.3.6
2025-05-03 08:39:51.519 INFO: CUDA version: 12.1, CUDA device: 0
2025-05-03 08:39:51.560 INFO: 
2025-05-03 08:39:51.560 INFO: ===========LOADING INPUT DATA===========
2025-05-03 08:39:59.820 INFO: Using random 10% of training set for validation with indices saved in: ./valid_indices_100.txt
2025-05-03 08:39:59.834 INFO: Atomic Numbers used: [1, 6]
2025-05-03 08:39:59.835 INFO: Isolated Atomic Energies (E0s) not in training file, using command line argument
2025-05-03 08:39:59.835 INFO: Computing average Atomic Energies using least squares regression
2025-05-03 08:39:59.890 INFO: Atomic Energies used (z: eV): {1: 0.057360763074352714, 6: 0.05736076307435251}
2025-05-03 08:40:01.847 INFO: 
2025-05-03 08:40:01.847 INFO: ===========MODEL DETAILS===========
2025-05-03 08:40:02.743 INFO: Average number of neighbors: 10.8
2025-05-03 08:40:02.743 INFO: During training the following quantities will be reported: energy, forces
2025-05-03 08:40:03.494 INFO: Building model
2025-05-03 08:40:03.494 INFO: Message passing with 128 channels and max_L=1 (128x0e + 128x1o)
2025-05-03 08:40:03.495 INFO: 2 layers, each with correlation order: 3 (body order: 4) and spherical harmonics up to: l=3
2025-05-03 08:40:03.495 INFO: 8 radial and 5 basis functions
2025-05-03 08:40:03.495 INFO: Radial cutoff: 5.0 Å (total receptive field for each atom: 10.0 Å)
2025-05-03 08:40:03.495 INFO: Distance transform for radial basis functions: None
2025-05-03 08:40:04.610 INFO: Total number of parameters: 977024
2025-05-03 08:40:04.611 INFO: 
2025-05-03 08:40:04.611 INFO: ===========OPTIMIZER INFORMATION===========
2025-05-03 08:40:04.611 INFO: Using ADAM as parameter optimizer
2025-05-03 08:40:04.611 INFO: Batch size: 20
2025-05-03 08:40:04.611 INFO: Using Exponential Moving Average with decay: 0.99
2025-05-03 08:40:04.611 INFO: Number of gradient updates: 40500
2025-05-03 08:40:04.611 INFO: Learning rate: 0.001, weight decay: 5e-07
2025-05-03 08:40:04.611 INFO: WeightedEnergyForcesNacsDipoleLoss(energy_weight=100.000, forces_weight=100.000, dipole_weight=1.000)
2025-05-03 08:40:04.613 INFO: Using gradient clipping with tolerance=10.000
2025-05-03 08:40:04.613 INFO: 
2025-05-03 08:40:04.613 INFO: ===========TRAINING===========
2025-05-03 08:40:04.613 INFO: Started training, reporting errors on validation set
2025-05-03 08:40:04.613 INFO: Loss metrics on validation set
2025-05-03 08:40:44.924 INFO: ===========VERIFYING SETTINGS===========
2025-05-03 08:40:44.924 INFO: MACE version: 0.3.6
2025-05-03 08:40:44.937 INFO: CUDA version: 12.1, CUDA device: 0
2025-05-03 08:40:44.961 INFO: 
2025-05-03 08:40:44.961 INFO: ===========LOADING INPUT DATA===========
2025-05-03 08:40:53.226 INFO: Using random 10% of training set for validation with indices saved in: ./valid_indices_100.txt
2025-05-03 08:40:53.241 INFO: Atomic Numbers used: [1, 6]
2025-05-03 08:40:53.241 INFO: Isolated Atomic Energies (E0s) not in training file, using command line argument
2025-05-03 08:40:53.241 INFO: Computing average Atomic Energies using least squares regression
2025-05-03 08:40:53.278 INFO: Atomic Energies used (z: eV): {1: 0.057360763074352714, 6: 0.05736076307435251}
2025-05-03 08:40:55.171 INFO: 
2025-05-03 08:40:55.171 INFO: ===========MODEL DETAILS===========
2025-05-03 08:40:56.032 INFO: Average number of neighbors: 10.8
2025-05-03 08:40:56.032 INFO: During training the following quantities will be reported: energy, forces
2025-05-03 08:40:56.779 INFO: Building model
2025-05-03 08:40:56.779 INFO: Message passing with 128 channels and max_L=1 (128x0e + 128x1o)
2025-05-03 08:40:56.779 INFO: 2 layers, each with correlation order: 3 (body order: 4) and spherical harmonics up to: l=3
2025-05-03 08:40:56.779 INFO: 8 radial and 5 basis functions
2025-05-03 08:40:56.779 INFO: Radial cutoff: 5.0 Å (total receptive field for each atom: 10.0 Å)
2025-05-03 08:40:56.779 INFO: Distance transform for radial basis functions: None
2025-05-03 08:42:33.437 INFO: ===========VERIFYING SETTINGS===========
2025-05-03 08:42:33.437 INFO: MACE version: 0.3.6
2025-05-03 08:42:33.451 INFO: CUDA version: 12.1, CUDA device: 0
2025-05-03 08:42:33.473 INFO: 
2025-05-03 08:42:33.473 INFO: ===========LOADING INPUT DATA===========
2025-05-03 08:42:41.739 INFO: Using random 10% of training set for validation with indices saved in: ./valid_indices_100.txt
2025-05-03 08:42:41.753 INFO: Atomic Numbers used: [1, 6]
2025-05-03 08:42:41.753 INFO: Isolated Atomic Energies (E0s) not in training file, using command line argument
2025-05-03 08:42:41.753 INFO: Computing average Atomic Energies using least squares regression
2025-05-03 08:42:41.793 INFO: Atomic Energies used (z: eV): {1: 0.057360763074352714, 6: 0.05736076307435251}
2025-05-03 08:42:43.673 INFO: 
2025-05-03 08:42:43.674 INFO: ===========MODEL DETAILS===========
2025-05-03 08:42:44.527 INFO: Average number of neighbors: 10.8
2025-05-03 08:42:44.527 INFO: During training the following quantities will be reported: energy, forces
2025-05-03 08:42:45.282 INFO: Building model
2025-05-03 08:42:45.282 INFO: Message passing with 128 channels and max_L=1 (128x0e + 128x1o)
2025-05-03 08:42:45.282 INFO: 2 layers, each with correlation order: 3 (body order: 4) and spherical harmonics up to: l=3
2025-05-03 08:42:45.282 INFO: 8 radial and 5 basis functions
2025-05-03 08:42:45.283 INFO: Radial cutoff: 5.0 Å (total receptive field for each atom: 10.0 Å)
2025-05-03 08:42:45.283 INFO: Distance transform for radial basis functions: None
2025-05-03 08:42:46.575 INFO: Total number of parameters: 983392
2025-05-03 08:42:46.575 INFO: 
2025-05-03 08:42:46.575 INFO: ===========OPTIMIZER INFORMATION===========
2025-05-03 08:42:46.575 INFO: Using ADAM as parameter optimizer
2025-05-03 08:42:46.575 INFO: Batch size: 20
2025-05-03 08:42:46.575 INFO: Using Exponential Moving Average with decay: 0.99
2025-05-03 08:42:46.575 INFO: Number of gradient updates: 40500
2025-05-03 08:42:46.575 INFO: Learning rate: 0.001, weight decay: 5e-07
2025-05-03 08:42:46.575 INFO: WeightedEnergyForcesNacsDipoleLoss(energy_weight=100.000, forces_weight=100.000, dipole_weight=1.000)
2025-05-03 08:42:46.576 INFO: Using gradient clipping with tolerance=10.000
2025-05-03 08:42:46.576 INFO: 
2025-05-03 08:42:46.576 INFO: ===========TRAINING===========
2025-05-03 08:42:46.576 INFO: Started training, reporting errors on validation set
2025-05-03 08:42:46.576 INFO: Loss metrics on validation set
2025-05-03 08:43:57.609 INFO: ===========VERIFYING SETTINGS===========
2025-05-03 08:43:57.609 INFO: MACE version: 0.3.6
2025-05-03 08:43:57.622 INFO: CUDA version: 12.1, CUDA device: 0
2025-05-03 08:43:57.645 INFO: 
2025-05-03 08:43:57.645 INFO: ===========LOADING INPUT DATA===========
2025-05-03 08:44:05.911 INFO: Using random 10% of training set for validation with indices saved in: ./valid_indices_100.txt
2025-05-03 08:44:05.925 INFO: Atomic Numbers used: [1, 6]
2025-05-03 08:44:05.925 INFO: Isolated Atomic Energies (E0s) not in training file, using command line argument
2025-05-03 08:44:05.925 INFO: Computing average Atomic Energies using least squares regression
2025-05-03 08:44:05.966 INFO: Atomic Energies used (z: eV): {1: 0.057360763074352714, 6: 0.05736076307435251}
2025-05-03 08:44:07.862 INFO: 
2025-05-03 08:44:07.862 INFO: ===========MODEL DETAILS===========
2025-05-03 08:44:08.707 INFO: Average number of neighbors: 10.8
2025-05-03 08:44:08.707 INFO: During training the following quantities will be reported: energy, forces
2025-05-03 08:44:09.453 INFO: Building model
2025-05-03 08:44:09.453 INFO: Message passing with 128 channels and max_L=1 (128x0e + 128x1o)
2025-05-03 08:44:09.453 INFO: 2 layers, each with correlation order: 3 (body order: 4) and spherical harmonics up to: l=3
2025-05-03 08:44:09.453 INFO: 8 radial and 5 basis functions
2025-05-03 08:44:09.453 INFO: Radial cutoff: 5.0 Å (total receptive field for each atom: 10.0 Å)
2025-05-03 08:44:09.453 INFO: Distance transform for radial basis functions: None
2025-05-03 08:44:10.699 INFO: Total number of parameters: 983392
2025-05-03 08:44:10.699 INFO: 
2025-05-03 08:44:10.699 INFO: ===========OPTIMIZER INFORMATION===========
2025-05-03 08:44:10.699 INFO: Using ADAM as parameter optimizer
2025-05-03 08:44:10.699 INFO: Batch size: 20
2025-05-03 08:44:10.699 INFO: Using Exponential Moving Average with decay: 0.99
2025-05-03 08:44:10.699 INFO: Number of gradient updates: 40500
2025-05-03 08:44:10.699 INFO: Learning rate: 0.001, weight decay: 5e-07
2025-05-03 08:44:10.699 INFO: WeightedEnergyForcesNacsDipoleLoss(energy_weight=100.000, forces_weight=100.000, dipole_weight=1.000)
2025-05-03 08:44:10.700 INFO: Using gradient clipping with tolerance=10.000
2025-05-03 08:44:10.700 INFO: 
2025-05-03 08:44:10.700 INFO: ===========TRAINING===========
2025-05-03 08:44:10.701 INFO: Started training, reporting errors on validation set
2025-05-03 08:44:10.701 INFO: Loss metrics on validation set
2025-05-03 08:46:57.578 INFO: ===========VERIFYING SETTINGS===========
2025-05-03 08:46:57.578 INFO: MACE version: 0.3.6
2025-05-03 08:46:57.591 INFO: CUDA version: 12.1, CUDA device: 0
2025-05-03 08:46:57.615 INFO: 
2025-05-03 08:46:57.615 INFO: ===========LOADING INPUT DATA===========
2025-05-03 08:47:05.921 INFO: Using random 10% of training set for validation with indices saved in: ./valid_indices_100.txt
2025-05-03 08:47:05.936 INFO: Atomic Numbers used: [1, 6]
2025-05-03 08:47:05.936 INFO: Isolated Atomic Energies (E0s) not in training file, using command line argument
2025-05-03 08:47:05.936 INFO: Computing average Atomic Energies using least squares regression
2025-05-03 08:47:05.974 INFO: Atomic Energies used (z: eV): {1: 0.057360763074352714, 6: 0.05736076307435251}
2025-05-03 08:47:07.855 INFO: 
2025-05-03 08:47:07.855 INFO: ===========MODEL DETAILS===========
2025-05-03 08:47:08.693 INFO: Average number of neighbors: 10.8
2025-05-03 08:47:08.693 INFO: During training the following quantities will be reported: energy, forces
2025-05-03 08:47:09.427 INFO: Building model
2025-05-03 08:47:09.427 INFO: Message passing with 128 channels and max_L=1 (128x0e + 128x1o)
2025-05-03 08:47:09.427 INFO: 2 layers, each with correlation order: 3 (body order: 4) and spherical harmonics up to: l=3
2025-05-03 08:47:09.427 INFO: 8 radial and 5 basis functions
2025-05-03 08:47:09.427 INFO: Radial cutoff: 5.0 Å (total receptive field for each atom: 10.0 Å)
2025-05-03 08:47:09.427 INFO: Distance transform for radial basis functions: None
2025-05-03 08:47:10.652 INFO: Total number of parameters: 985440
2025-05-03 08:47:10.652 INFO: 
2025-05-03 08:47:10.652 INFO: ===========OPTIMIZER INFORMATION===========
2025-05-03 08:47:10.653 INFO: Using ADAM as parameter optimizer
2025-05-03 08:47:10.653 INFO: Batch size: 20
2025-05-03 08:47:10.653 INFO: Using Exponential Moving Average with decay: 0.99
2025-05-03 08:47:10.653 INFO: Number of gradient updates: 40500
2025-05-03 08:47:10.653 INFO: Learning rate: 0.001, weight decay: 5e-07
2025-05-03 08:47:10.653 INFO: WeightedEnergyForcesNacsDipoleLoss(energy_weight=100.000, forces_weight=100.000, dipole_weight=1.000)
2025-05-03 08:47:10.654 INFO: Using gradient clipping with tolerance=10.000
2025-05-03 08:47:10.654 INFO: 
2025-05-03 08:47:10.654 INFO: ===========TRAINING===========
2025-05-03 08:47:10.654 INFO: Started training, reporting errors on validation set
2025-05-03 08:47:10.654 INFO: Loss metrics on validation set
